Flutter crash report.
Please report a bug at https://github.com/flutter/flutter/issues.

## command

flutter run -v

## exception

StateError: Bad state: Failed to start Dart Development Service

```
#0      DartDevelopmentService.startDartDevelopmentService (package:flutter_tools/src/base/dds.dart:116:9)
<asynchronous suspension>
#1      FlutterDevice.connect.<anonymous closure> (package:flutter_tools/src/resident_runner.dart:294:11)
<asynchronous suspension>
```

## flutter doctor

```
[33m[!][39m Flutter (Channel beta, 3.26.0-0.1.pre, on macOS 14.7 23H124 darwin-arm64, locale en-IL)
    [32m•[39m Flutter version 3.26.0-0.1.pre on channel beta at /Users/admin/documents/flutter
    [33m![39m Warning: `flutter` on your path resolves to /Users/admin/Documents/flutter/bin/flutter, which is not inside your current Flutter SDK checkout at
      /Users/admin/documents/flutter. Consider adding /Users/admin/documents/flutter/bin to the front of your path.
    [33m![39m Warning: `dart` on your path resolves to /Users/admin/Documents/flutter/bin/dart, which is not inside your current Flutter SDK checkout at /Users/admin/documents/flutter.
      Consider adding /Users/admin/documents/flutter/bin to the front of your path.
    [32m•[39m Upstream repository https://github.com/flutter/flutter.git
    [32m•[39m Framework revision ee624bc4fd (4 weeks ago), 2024-09-10 17:41:06 -0500
    [32m•[39m Engine revision 059e4e6d8f
    [32m•[39m Dart version 3.6.0 (build 3.6.0-216.1.beta)
    [32m•[39m DevTools version 2.39.0
    [32m•[39m If those were intentional, you can disregard the above warnings; however it is recommended to use "git" directly to perform update checks and upgrades.

[33m[!][39m Android toolchain - develop for Android devices (Android SDK version 34.0.0)
    [32m•[39m Android SDK at /Users/admin/Library/Android/sdk
    [31m✗[39m cmdline-tools component is missing
      Run `path/to/sdkmanager --install "cmdline-tools;latest"`
      See https://developer.android.com/studio/command-line for more details.
    [31m✗[39m Android license status unknown.
      Run `flutter doctor --android-licenses` to accept the SDK licenses.
      See https://flutter.dev/to/macos-android-setup for more details.

[33m[!][39m Xcode - develop for iOS and macOS
    [31m✗[39m Xcode installation is incomplete; a full installation is necessary for iOS and macOS development.
      Download at: https://developer.apple.com/xcode/
      Or install Xcode via the App Store.
      Once installed, run:
        sudo xcode-select --switch /Applications/Xcode.app/Contents/Developer
        sudo xcodebuild -runFirstLaunch
    [32m•[39m CocoaPods version 1.15.2

[32m[✓][39m Chrome - develop for the web
    [32m•[39m Chrome at /Applications/Google Chrome.app/Contents/MacOS/Google Chrome

[32m[✓][39m Android Studio (version 2024.2)
    [32m•[39m Android Studio at /Applications/Android Studio.app/Contents
    [32m•[39m Flutter plugin can be installed from:
      🔨 https://plugins.jetbrains.com/plugin/9212-flutter
    [32m•[39m Dart plugin can be installed from:
      🔨 https://plugins.jetbrains.com/plugin/6351-dart
    [32m•[39m Java version OpenJDK Runtime Environment (build 21.0.3+-79915917-b509.11)

[32m[✓][39m VS Code (version 1.94.1)
    [32m•[39m VS Code at /Applications/Visual Studio Code.app/Contents
    [32m•[39m Flutter extension can be installed from:
      🔨 https://marketplace.visualstudio.com/items?itemName=Dart-Code.flutter

[32m[✓][39m Connected device (2 available)
    [32m•[39m macOS (desktop) • macos  • darwin-arm64   • macOS 14.7 23H124 darwin-arm64
    [32m•[39m Chrome (web)    • chrome • web-javascript • Google Chrome 129.0.6668.100

[32m[✓][39m Network resources
    [32m•[39m All expected network resources are available.

[33m![39m Doctor found issues in 3 categories.
```
